[Fri Feb 25 11:27:12.504557 2022] [mpm_winnt:notice] [pid 12296:tid 668] AH00455: Apache/2.4.47 (Win64) OpenSSL/1.1.1k PHP/7.4.19 configured -- resuming normal operations
[Fri Feb 25 11:27:12.504557 2022] [mpm_winnt:notice] [pid 12296:tid 668] AH00456: Apache Lounge VS16 Server built: Apr 24 2021 11:08:47
[Fri Feb 25 11:27:12.504557 2022] [core:notice] [pid 12296:tid 668] AH00094: Command line: 'C:\\laragon\\bin\\apache\\httpd-2.4.47-win64-VS16\\bin\\httpd -d C:/laragon/bin/apache/httpd-2.4.47-win64-VS16'
[Fri Feb 25 11:27:12.511546 2022] [mpm_winnt:notice] [pid 12296:tid 668] AH00418: Parent: Created child process 3208
Apache server interrupted...
022] [mpm_winnt:notice] [pid 3208:tid 632] AH00354: Child: Starting 64 worker threads.
[Fri Feb 25 11:27:37.149594 2022] [mpm_winnt:notice] [pid 12296:tid 668] AH00422: Parent: Received shutdown signal -- Shutting down the server.
[Fri Feb 25 11:27:39.175940 2022] [mpm_winnt:notice] [pid 3208:tid 632] AH00364: Child: All worker threads have exited.
[Sat Feb 26 18:25:36.856157 2022] [core:warn] [pid 1244:tid 556] AH00098: pid file C:/laragon/bin/apache/httpd-2.4.47-win64-VS16/logs/httpd.pid overwritten -- Unclean shutdown of previous Apache run?
[Sat Feb 26 18:25:37.004760 2022] [mpm_winnt:notice] [pid 1244:tid 556] AH00455: Apache/2.4.47 (Win64) OpenSSL/1.1.1k PHP/7.4.19 configured -- resuming normal operations
[Sat Feb 26 18:25:37.004760 2022] [mpm_winnt:notice] [pid 1244:tid 556] AH00456: Apache Lounge VS16 Server built: Apr 24 2021 11:08:47
[Sat Feb 26 18:25:37.004760 2022] [core:notice] [pid 1244:tid 556] AH00094: Command line: 'C:\\laragon\\bin\\apache\\httpd-2.4.47-win64-VS16\\bin\\httpd -d C:/laragon/bin/apache/httpd-2.4.47-win64-VS16'
[Sat Feb 26 18:25:37.010744 2022] [mpm_winnt:notice] [pid 1244:tid 556] AH00418: Parent: Created child process 10396
Apache server interrupted...
022] [mpm_winnt:notice] [pid 10396:tid 648] AH00354: Child: Starting 64 worker threads.
[Sat Feb 26 19:01:09.952221 2022] [mpm_winnt:notice] [pid 1244:tid 556] AH00422: Parent: Received shutdown signal -- Shutting down the server.
[Sat Feb 26 19:01:11.971287 2022] [mpm_winnt:notice] [pid 10396:tid 648] AH00364: Child: All worker threads have exited.
[Sun Feb 27 16:26:58.991492 2022] [core:warn] [pid 1444:tid 464] AH00098: pid file C:/laragon/bin/apache/httpd-2.4.47-win64-VS16/logs/httpd.pid overwritten -- Unclean shutdown of previous Apache run?
[Sun Feb 27 16:26:59.255348 2022] [mpm_winnt:notice] [pid 1444:tid 464] AH00455: Apache/2.4.47 (Win64) OpenSSL/1.1.1k PHP/7.4.19 configured -- resuming normal operations
[Sun Feb 27 16:26:59.255348 2022] [mpm_winnt:notice] [pid 1444:tid 464] AH00456: Apache Lounge VS16 Server built: Apr 24 2021 11:08:47
[Sun Feb 27 16:26:59.255348 2022] [core:notice] [pid 1444:tid 464] AH00094: Command line: 'C:\\laragon\\bin\\apache\\httpd-2.4.47-win64-VS16\\bin\\httpd -d C:/laragon/bin/apache/httpd-2.4.47-win64-VS16'
[Sun Feb 27 16:26:59.261331 2022] [mpm_winnt:notice] [pid 1444:tid 464] AH00418: Parent: Created child process 14236
Apache server interrupted...
022] [mpm_winnt:notice] [pid 14236:tid 628] AH00354: Child: Starting 64 worker threads.
[Sun Feb 27 17:53:32.877952 2022] [mpm_winnt:notice] [pid 1444:tid 464] AH00422: Parent: Received shutdown signal -- Shutting down the server.
[Sun Feb 27 17:53:34.903177 2022] [mpm_winnt:notice] [pid 14236:tid 628] AH00364: Child: All worker threads have exited.
[Tue Mar 01 12:26:30.390552 2022] [core:warn] [pid 11584:tid 520] AH00098: pid file C:/laragon/bin/apache/httpd-2.4.47-win64-VS16/logs/httpd.pid overwritten -- Unclean shutdown of previous Apache run?
[Tue Mar 01 12:26:30.665446 2022] [mpm_winnt:notice] [pid 11584:tid 520] AH00455: Apache/2.4.47 (Win64) OpenSSL/1.1.1k PHP/7.4.19 configured -- resuming normal operations
[Tue Mar 01 12:26:30.665446 2022] [mpm_winnt:notice] [pid 11584:tid 520] AH00456: Apache Lounge VS16 Server built: Apr 24 2021 11:08:47
[Tue Mar 01 12:26:30.665446 2022] [core:notice] [pid 11584:tid 520] AH00094: Command line: 'C:\\laragon\\bin\\apache\\httpd-2.4.47-win64-VS16\\bin\\httpd -d C:/laragon/bin/apache/httpd-2.4.47-win64-VS16'
[Tue Mar 01 12:26:30.678379 2022] [mpm_winnt:notice] [pid 11584:tid 520] AH00418: Parent: Created child process 8016
Apache server interrupted...
022] [mpm_winnt:notice] [pid 8016:tid 624] AH00354: Child: Starting 64 worker threads.
[Tue Mar 01 21:06:49.557540 2022] [mpm_winnt:notice] [pid 11584:tid 520] AH00422: Parent: Received shutdown signal -- Shutting down the server.
[Tue Mar 01 21:06:51.599721 2022] [mpm_winnt:notice] [pid 8016:tid 624] AH00364: Child: All worker threads have exited.
[Wed Mar 02 08:18:30.972715 2022] [core:warn] [pid 19344:tid 508] AH00098: pid file C:/laragon/bin/apache/httpd-2.4.47-win64-VS16/logs/httpd.pid overwritten -- Unclean shutdown of previous Apache run?
[Wed Mar 02 08:18:31.005627 2022] [mpm_winnt:notice] [pid 19344:tid 508] AH00455: Apache/2.4.47 (Win64) OpenSSL/1.1.1k PHP/7.4.19 configured -- resuming normal operations
[Wed Mar 02 08:18:31.005627 2022] [mpm_winnt:notice] [pid 19344:tid 508] AH00456: Apache Lounge VS16 Server built: Apr 24 2021 11:08:47
[Wed Mar 02 08:18:31.005627 2022] [core:notice] [pid 19344:tid 508] AH00094: Command line: 'C:\\laragon\\bin\\apache\\httpd-2.4.47-win64-VS16\\bin\\httpd -d C:/laragon/bin/apache/httpd-2.4.47-win64-VS16'
[Wed Mar 02 08:18:31.010618 2022] [mpm_winnt:notice] [pid 19344:tid 508] AH00418: Parent: Created child process 9692
Apache server interrupted...
022] [mpm_winnt:notice] [pid 9692:tid 600] AH00354: Child: Starting 64 worker threads.
[Wed Mar 02 16:27:33.185777 2022] [mpm_winnt:notice] [pid 19344:tid 508] AH00422: Parent: Received shutdown signal -- Shutting down the server.
[Wed Mar 02 16:27:35.207270 2022] [mpm_winnt:notice] [pid 9692:tid 600] AH00364: Child: All worker threads have exited.
[Wed Mar 02 19:54:37.400969 2022] [core:warn] [pid 4840:tid 548] AH00098: pid file C:/laragon/bin/apache/httpd-2.4.47-win64-VS16/logs/httpd.pid overwritten -- Unclean shutdown of previous Apache run?
[Wed Mar 02 19:54:37.492645 2022] [mpm_winnt:notice] [pid 4840:tid 548] AH00455: Apache/2.4.47 (Win64) OpenSSL/1.1.1k PHP/7.4.19 configured -- resuming normal operations
[Wed Mar 02 19:54:37.492645 2022] [mpm_winnt:notice] [pid 4840:tid 548] AH00456: Apache Lounge VS16 Server built: Apr 24 2021 11:08:47
[Wed Mar 02 19:54:37.492645 2022] [core:notice] [pid 4840:tid 548] AH00094: Command line: 'C:\\laragon\\bin\\apache\\httpd-2.4.47-win64-VS16\\bin\\httpd -d C:/laragon/bin/apache/httpd-2.4.47-win64-VS16'
[Wed Mar 02 19:54:37.497631 2022] [mpm_winnt:notice] [pid 4840:tid 548] AH00418: Parent: Created child process 8048
Apache server interrupted...
022] [mpm_winnt:notice] [pid 8048:tid 620] AH00354: Child: Starting 64 worker threads.
[Thu Mar 03 00:25:15.906721 2022] [mpm_winnt:notice] [pid 4840:tid 548] AH00422: Parent: Received shutdown signal -- Shutting down the server.
[Thu Mar 03 00:25:17.937872 2022] [mpm_winnt:notice] [pid 8048:tid 620] AH00364: Child: All worker threads have exited.
[Thu Mar 03 09:06:04.497081 2022] [core:warn] [pid 6564:tid 552] AH00098: pid file C:/laragon/bin/apache/httpd-2.4.47-win64-VS16/logs/httpd.pid overwritten -- Unclean shutdown of previous Apache run?
[Thu Mar 03 09:06:04.590777 2022] [mpm_winnt:notice] [pid 6564:tid 552] AH00455: Apache/2.4.47 (Win64) OpenSSL/1.1.1k PHP/7.4.19 configured -- resuming normal operations
[Thu Mar 03 09:06:04.590777 2022] [mpm_winnt:notice] [pid 6564:tid 552] AH00456: Apache Lounge VS16 Server built: Apr 24 2021 11:08:47
[Thu Mar 03 09:06:04.590777 2022] [core:notice] [pid 6564:tid 552] AH00094: Command line: 'C:\\laragon\\bin\\apache\\httpd-2.4.47-win64-VS16\\bin\\httpd -d C:/laragon/bin/apache/httpd-2.4.47-win64-VS16'
[Thu Mar 03 09:06:04.606399 2022] [mpm_winnt:notice] [pid 6564:tid 552] AH00418: Parent: Created child process 14568
Apache server interrupted...
022] [mpm_winnt:notice] [pid 14568:tid 624] AH00354: Child: Starting 64 worker threads.
[Thu Mar 03 12:11:49.366244 2022] [mpm_winnt:notice] [pid 6564:tid 552] AH00422: Parent: Received shutdown signal -- Shutting down the server.
[Thu Mar 03 12:11:51.385329 2022] [mpm_winnt:notice] [pid 14568:tid 624] AH00364: Child: All worker threads have exited.
[Thu Mar 03 19:25:46.660132 2022] [core:warn] [pid 5096:tid 552] AH00098: pid file C:/laragon/bin/apache/httpd-2.4.47-win64-VS16/logs/httpd.pid overwritten -- Unclean shutdown of previous Apache run?
[Thu Mar 03 19:25:46.832736 2022] [mpm_winnt:notice] [pid 5096:tid 552] AH00455: Apache/2.4.47 (Win64) OpenSSL/1.1.1k PHP/7.4.19 configured -- resuming normal operations
[Thu Mar 03 19:25:46.832736 2022] [mpm_winnt:notice] [pid 5096:tid 552] AH00456: Apache Lounge VS16 Server built: Apr 24 2021 11:08:47
[Thu Mar 03 19:25:46.832736 2022] [core:notice] [pid 5096:tid 552] AH00094: Command line: 'C:\\laragon\\bin\\apache\\httpd-2.4.47-win64-VS16\\bin\\httpd -d C:/laragon/bin/apache/httpd-2.4.47-win64-VS16'
[Thu Mar 03 19:25:46.841712 2022] [mpm_winnt:notice] [pid 5096:tid 552] AH00418: Parent: Created child process 15544
Apache server interrupted...
022] [mpm_winnt:notice] [pid 15544:tid 636] AH00354: Child: Starting 64 worker threads.
[Thu Mar 03 21:54:22.009818 2022] [mpm_winnt:notice] [pid 5096:tid 552] AH00422: Parent: Received shutdown signal -- Shutting down the server.
[Thu Mar 03 21:54:24.024859 2022] [mpm_winnt:notice] [pid 15544:tid 636] AH00364: Child: All worker threads have exited.
[Sat Mar 05 22:16:09.142372 2022] [core:warn] [pid 13060:tid 580] AH00098: pid file C:/laragon/bin/apache/httpd-2.4.47-win64-VS16/logs/httpd.pid overwritten -- Unclean shutdown of previous Apache run?
[Sat Mar 05 22:16:09.409101 2022] [mpm_winnt:notice] [pid 13060:tid 580] AH00455: Apache/2.4.47 (Win64) OpenSSL/1.1.1k PHP/7.4.19 configured -- resuming normal operations
[Sat Mar 05 22:16:09.409101 2022] [mpm_winnt:notice] [pid 13060:tid 580] AH00456: Apache Lounge VS16 Server built: Apr 24 2021 11:08:47
[Sat Mar 05 22:16:09.409101 2022] [core:notice] [pid 13060:tid 580] AH00094: Command line: 'C:\\laragon\\bin\\apache\\httpd-2.4.47-win64-VS16\\bin\\httpd -d C:/laragon/bin/apache/httpd-2.4.47-win64-VS16'
[Sat Mar 05 22:16:09.416085 2022] [mpm_winnt:notice] [pid 13060:tid 580] AH00418: Parent: Created child process 13848
[Sat Mar 05 22:16:09.876886 2022] [mpm_winnt:notice] [pid 13848:tid 636] AH00354: Child: Starting 64 worker threads.
[Sat Mar 12 23:05:33.253891 2022] [core:warn] [pid 21752:tid 624] AH00098: pid file C:/laragon/bin/apache/httpd-2.4.47-win64-VS16/logs/httpd.pid overwritten -- Unclean shutdown of previous Apache run?
[Sat Mar 12 23:05:33.426201 2022] [mpm_winnt:notice] [pid 21752:tid 624] AH00455: Apache/2.4.47 (Win64) OpenSSL/1.1.1k PHP/7.4.19 configured -- resuming normal operations
[Sat Mar 12 23:05:33.426201 2022] [mpm_winnt:notice] [pid 21752:tid 624] AH00456: Apache Lounge VS16 Server built: Apr 24 2021 11:08:47
[Sat Mar 12 23:05:33.426201 2022] [core:notice] [pid 21752:tid 624] AH00094: Command line: 'C:\\laragon\\bin\\apache\\httpd-2.4.47-win64-VS16\\bin\\httpd -d C:/laragon/bin/apache/httpd-2.4.47-win64-VS16'
[Sat Mar 12 23:05:33.431202 2022] [mpm_winnt:notice] [pid 21752:tid 624] AH00418: Parent: Created child process 3924
Apache server interrupted...
022] [mpm_winnt:notice] [pid 3924:tid 640] AH00354: Child: Starting 64 worker threads.
[Sat Mar 12 23:16:45.398272 2022] [mpm_winnt:notice] [pid 21752:tid 624] AH00422: Parent: Received shutdown signal -- Shutting down the server.
[Sat Mar 12 23:16:47.427223 2022] [mpm_winnt:notice] [pid 3924:tid 640] AH00364: Child: All worker threads have exited.
[Sat Mar 12 23:16:47.477062 2022] [mpm_winnt:notice] [pid 21752:tid 624] AH00430: Parent: Child process 3924 exited successfully.
[Mon Mar 14 18:45:33.577821 2022] [mpm_winnt:notice] [pid 18868:tid 508] AH00455: Apache/2.4.47 (Win64) OpenSSL/1.1.1k PHP/7.4.19 configured -- resuming normal operations
[Mon Mar 14 18:45:33.578823 2022] [mpm_winnt:notice] [pid 18868:tid 508] AH00456: Apache Lounge VS16 Server built: Apr 24 2021 11:08:47
[Mon Mar 14 18:45:33.578823 2022] [core:notice] [pid 18868:tid 508] AH00094: Command line: 'C:\\laragon\\bin\\apache\\httpd-2.4.47-win64-VS16\\bin\\httpd -d C:/laragon/bin/apache/httpd-2.4.47-win64-VS16'
[Mon Mar 14 18:45:33.603822 2022] [mpm_winnt:notice] [pid 18868:tid 508] AH00418: Parent: Created child process 17268
Apache server interrupted...
022] [mpm_winnt:notice] [pid 17268:tid 240] AH00354: Child: Starting 64 worker threads.
[Mon Mar 14 20:59:00.073770 2022] [mpm_winnt:notice] [pid 18868:tid 508] AH00422: Parent: Received shutdown signal -- Shutting down the server.
[Mon Mar 14 20:59:02.093091 2022] [mpm_winnt:notice] [pid 17268:tid 240] AH00364: Child: All worker threads have exited.
[Tue Mar 15 19:12:09.198318 2022] [core:warn] [pid 8804:tid 560] AH00098: pid file C:/laragon/bin/apache/httpd-2.4.47-win64-VS16/logs/httpd.pid overwritten -- Unclean shutdown of previous Apache run?
[Tue Mar 15 19:12:09.362656 2022] [mpm_winnt:notice] [pid 8804:tid 560] AH00455: Apache/2.4.47 (Win64) OpenSSL/1.1.1k PHP/7.4.19 configured -- resuming normal operations
[Tue Mar 15 19:12:09.362656 2022] [mpm_winnt:notice] [pid 8804:tid 560] AH00456: Apache Lounge VS16 Server built: Apr 24 2021 11:08:47
[Tue Mar 15 19:12:09.362656 2022] [core:notice] [pid 8804:tid 560] AH00094: Command line: 'C:\\laragon\\bin\\apache\\httpd-2.4.47-win64-VS16\\bin\\httpd -d C:/laragon/bin/apache/httpd-2.4.47-win64-VS16'
[Tue Mar 15 19:12:09.367653 2022] [mpm_winnt:notice] [pid 8804:tid 560] AH00418: Parent: Created child process 4048
Apache server interrupted...
022] [mpm_winnt:notice] [pid 4048:tid 508] AH00354: Child: Starting 64 worker threads.
[Thu Mar 17 09:25:06.061918 2022] [mpm_winnt:notice] [pid 8804:tid 560] AH00422: Parent: Received shutdown signal -- Shutting down the server.
[Thu Mar 17 09:25:08.087539 2022] [mpm_winnt:notice] [pid 4048:tid 508] AH00364: Child: All worker threads have exited.
[Sat Mar 19 16:34:54.365473 2022] [core:warn] [pid 24168:tid 588] AH00098: pid file C:/laragon/bin/apache/httpd-2.4.47-win64-VS16/logs/httpd.pid overwritten -- Unclean shutdown of previous Apache run?
[Sat Mar 19 16:34:54.661394 2022] [mpm_winnt:notice] [pid 24168:tid 588] AH00455: Apache/2.4.47 (Win64) OpenSSL/1.1.1k PHP/7.4.19 configured -- resuming normal operations
[Sat Mar 19 16:34:54.661394 2022] [mpm_winnt:notice] [pid 24168:tid 588] AH00456: Apache Lounge VS16 Server built: Apr 24 2021 11:08:47
[Sat Mar 19 16:34:54.661394 2022] [core:notice] [pid 24168:tid 588] AH00094: Command line: 'C:\\laragon\\bin\\apache\\httpd-2.4.47-win64-VS16\\bin\\httpd -d C:/laragon/bin/apache/httpd-2.4.47-win64-VS16'
[Sat Mar 19 16:34:54.676390 2022] [mpm_winnt:notice] [pid 24168:tid 588] AH00418: Parent: Created child process 21412
[Sat Mar 19 16:34:55.540372 2022] [mpm_winnt:notice] [pid 21412:tid 648] AH00354: Child: Starting 64 worker threads.
